Using pre-set license
Built from '2020.3/release' branch; Version is '2020.3.15f2 (6cf78cb77498) revision 7141260'; Using compiler version '192528614'; Build Type 'Release'
OS: 'Windows 10 Pro; OS build 19043.1348; Version 2009; 64bit' Language: 'pt' Physical Memory: 8104 MB
BatchMode: 1, IsHumanControllingUs: 0, StartBugReporterOnCrash: 0, Is64bit: 1, IsPro: 0

 COMMAND LINE ARGUMENTS:
C:\Program Files\Unity\Hub\Editor\2020.3.15f2\Editor\Unity.exe
-adb2
-batchMode
-noUpm
-name
AssetImportWorker0
-projectPath
E:/Projetos/Unity/CookingShark/ProjectCookingShark
-logFile
Logs/AssetImportWorker0.log
-srvPort
63598
Successfully changed project path to: E:/Projetos/Unity/CookingShark/ProjectCookingShark
E:/Projetos/Unity/CookingShark/ProjectCookingShark
Using Asset Import Pipeline V2.
Refreshing native plugins compatible for Editor in 42.45 ms, found 3 plugins.
Preloading 0 native plugins for Editor in 0.00 ms.
Initialize engine version: 2020.3.15f2 (6cf78cb77498)
[Subsystems] Discovering subsystems at path C:/Program Files/Unity/Hub/Editor/2020.3.15f2/Editor/Data/Resources/UnitySubsystems
[Subsystems] Discovering subsystems at path E:/Projetos/Unity/CookingShark/ProjectCookingShark/Assets
GfxDevice: creating device client; threaded=0
Direct3D:
    Version:  Direct3D 11.0 [level 11.1]
    Renderer: NVIDIA GeForce GTX 1660 SUPER (ID=0x21c4)
    Vendor:   
    VRAM:     5991 MB
    Driver:   30.0.14.9676
Initialize mono
Mono path[0] = 'C:/Program Files/Unity/Hub/Editor/2020.3.15f2/Editor/Data/Managed'
Mono path[1] = 'C:/Program Files/Unity/Hub/Editor/2020.3.15f2/Editor/Data/MonoBleedingEdge/lib/mono/unityjit'
Mono config path = 'C:/Program Files/Unity/Hub/Editor/2020.3.15f2/Editor/Data/MonoBleedingEdge/etc'
Using monoOptions --debugger-agent=transport=dt_socket,embedding=1,server=y,suspend=n,address=127.0.0.1:56240
Begin MonoManager ReloadAssembly
Registering precompiled unity dll's ...
Register platform support module: C:/Program Files/Unity/Hub/Editor/2020.3.15f2/Editor/Data/PlaybackEngines/WindowsStandaloneSupport/UnityEditor.WindowsStandalone.Extensions.dll
Registered in 0.002025 seconds.
Native extension for WindowsStandalone target not found
Refreshing native plugins compatible for Editor in 39.96 ms, found 3 plugins.
Preloading 0 native plugins for Editor in 0.00 ms.
Mono: successfully reloaded assembly
- Completed reload, in  1.018 seconds
Domain Reload Profiling:
	ReloadAssembly (1018ms)
		BeginReloadAssembly (52ms)
			ExecutionOrderSort (0ms)
			DisableScriptedObjects (0ms)
			BackupInstance (0ms)
			ReleaseScriptingObjects (0ms)
			CreateAndSetChildDomain (1ms)
		EndReloadAssembly (393ms)
			LoadAssemblies (50ms)
			RebuildTransferFunctionScriptingTraits (0ms)
			SetupTypeCache (143ms)
			ReleaseScriptCaches (0ms)
			RebuildScriptCaches (28ms)
			SetupLoadedEditorAssemblies (156ms)
				LogAssemblyErrors (0ms)
				InitializePlatformSupportModulesInManaged (4ms)
				SetLoadedEditorAssemblies (0ms)
				RefreshPlugins (40ms)
				BeforeProcessingInitializeOnLoad (13ms)
				ProcessInitializeOnLoadAttributes (74ms)
				ProcessInitializeOnLoadMethodAttributes (26ms)
				AfterProcessingInitializeOnLoad (0ms)
				EditorAssembliesLoaded (0ms)
			ExecutionOrderSort2 (0ms)
			AwakeInstancesAfterBackupRestoration (0ms)
Platform modules already initialized, skipping
Registering precompiled user dll's ...
Registered in 0.003942 seconds.
Begin MonoManager ReloadAssembly
Native extension for WindowsStandalone target not found
Refreshing native plugins compatible for Editor in 39.98 ms, found 3 plugins.
Preloading 0 native plugins for Editor in 0.00 ms.
Mono: successfully reloaded assembly
- Completed reload, in  1.121 seconds
Domain Reload Profiling:
	ReloadAssembly (1122ms)
		BeginReloadAssembly (138ms)
			ExecutionOrderSort (0ms)
			DisableScriptedObjects (4ms)
			BackupInstance (0ms)
			ReleaseScriptingObjects (0ms)
			CreateAndSetChildDomain (17ms)
		EndReloadAssembly (926ms)
			LoadAssemblies (90ms)
			RebuildTransferFunctionScriptingTraits (0ms)
			SetupTypeCache (276ms)
			ReleaseScriptCaches (0ms)
			RebuildScriptCaches (45ms)
			SetupLoadedEditorAssemblies (397ms)
				LogAssemblyErrors (0ms)
				InitializePlatformSupportModulesInManaged (4ms)
				SetLoadedEditorAssemblies (0ms)
				RefreshPlugins (40ms)
				BeforeProcessingInitializeOnLoad (72ms)
				ProcessInitializeOnLoadAttributes (262ms)
				ProcessInitializeOnLoadMethodAttributes (12ms)
				AfterProcessingInitializeOnLoad (6ms)
				EditorAssembliesLoaded (0ms)
			ExecutionOrderSort2 (0ms)
			AwakeInstancesAfterBackupRestoration (6ms)
Platform modules already initialized, skipping
========================================================================
Worker process is ready to serve import requests
Launched and connected shader compiler UnityShaderCompiler.exe after 0.08 seconds
Refreshing native plugins compatible for Editor in 0.54 ms, found 3 plugins.
Preloading 0 native plugins for Editor in 0.00 ms.
Unloading 2120 Unused Serialized files (Serialized files now loaded: 0)
System memory in use before: 94.1 MB.
System memory in use after: 94.1 MB.

Unloading 30 unused Assets to reduce memory usage. Loaded Objects now: 2557.
Total: 2.259000 ms (FindLiveObjects: 0.182000 ms CreateObjectMapping: 0.075200 ms MarkObjects: 1.919400 ms  DeleteObjects: 0.081600 ms)

AssetImportParameters requested are different than current active one (requested -> active):
  custom:framework-win-MediaFoundation: 216162199b28c13a410421893ffa2e32 -> 
  custom:video-decoder-ogg-theora: a1e56fd34408186e4bbccfd4996cb3dc -> 
  custom:container-muxer-webm: aa71ff27fc2769a1b78a27578f13a17b -> 
  custom:container-demuxer-webm: 4f35f7cbe854078d1ac9338744f61a02 -> 
  custom:container-demuxer-ogg: 62fdf1f143b41e24485cea50d1cbac27 -> 
  custom:video-encoder-webm-vp8: eb34c28f22e8b96e1ab97ce403110664 -> 
  custom:video-decoder-webm-vp8: 9c59270c3fd7afecdb556c50c9e8de78 -> 
  custom:audio-decoder-ogg-vorbis: bf7c407c2cedff20999df2af8eb42d56 -> 
  custom:audio-encoder-webm-vorbis: bf7c407c2cedff20999df2af8eb42d56 -> 
========================================================================
Received Import Request.
  path: Assets/Scenes/Jogo
  artifactKey: Guid(32b4c6320f1133b41995f6b680091f89) Importer(815301076,1909f56bfc062723c751e8b465ee728b)
Start importing Assets/Scenes/Jogo using Guid(32b4c6320f1133b41995f6b680091f89) Importer(815301076,1909f56bfc062723c751e8b465ee728b)  -> (artifact id: '394c47f96978a8442f04e13dba3a9253') in 0.008288 seconds 
  Import took 0.011280 seconds .

========================================================================
Received Import Request.
  Time since last request: 11.000907 seconds.
  path: Assets/Scenes/Jogo/StartMenu.unity
  artifactKey: Guid(074551911baf7cc47bc2cc4cfb7ef5b4) Importer(815301076,1909f56bfc062723c751e8b465ee728b)
Start importing Assets/Scenes/Jogo/StartMenu.unity using Guid(074551911baf7cc47bc2cc4cfb7ef5b4) Importer(815301076,1909f56bfc062723c751e8b465ee728b)  -> (artifact id: 'd51f572a829a1017429e1ee2c634a412') in 0.013997 seconds 
  Import took 0.032517 seconds .

========================================================================
Received Import Request.
  Time since last request: 222.112656 seconds.
  path: Assets/Assets Gerais
  artifactKey: Guid(1b4e66e39a8bf794ea69254e653ab1d4) Importer(815301076,1909f56bfc062723c751e8b465ee728b)
Start importing Assets/Assets Gerais using Guid(1b4e66e39a8bf794ea69254e653ab1d4) Importer(815301076,1909f56bfc062723c751e8b465ee728b)  -> (artifact id: '4f0f82831daaa9e36d17fa2738493db7') in 0.007345 seconds 
  Import took 0.011168 seconds .

========================================================================
Received Import Request.
  Time since last request: 11.946999 seconds.
  path: Assets/Assets Gerais/UI
  artifactKey: Guid(9c485e5c59c75504d8e1a7af7dccf604) Importer(815301076,1909f56bfc062723c751e8b465ee728b)
Start importing Assets/Assets Gerais/UI using Guid(9c485e5c59c75504d8e1a7af7dccf604) Importer(815301076,1909f56bfc062723c751e8b465ee728b)  -> (artifact id: '72ceb80a21a125a2b7de8ecbba8053ae') in 0.005930 seconds 
  Import took 0.024164 seconds .

========================================================================
Received Import Request.
  Time since last request: 11.005793 seconds.
  path: Assets/Assets Gerais/UI/Menu Start
  artifactKey: Guid(9588d415488cade4dae65abf603af5b7) Importer(815301076,1909f56bfc062723c751e8b465ee728b)
Start importing Assets/Assets Gerais/UI/Menu Start using Guid(9588d415488cade4dae65abf603af5b7) Importer(815301076,1909f56bfc062723c751e8b465ee728b)  -> (artifact id: '8ece48eb06f4c9c9ef631b2a1661ffc8') in 0.010461 seconds 
  Import took 0.030750 seconds .

========================================================================
Received Import Request.
  Time since last request: 685.779545 seconds.
  path: Assets/Assets Gerais/UI/Menu Start/baseChao.png
  artifactKey: Guid(9c2043a9dd870894cb5f484104a91b31) Importer(815301076,1909f56bfc062723c751e8b465ee728b)
Start importing Assets/Assets Gerais/UI/Menu Start/baseChao.png using Guid(9c2043a9dd870894cb5f484104a91b31) Importer(815301076,1909f56bfc062723c751e8b465ee728b)  -> (artifact id: '58ac0226907a67061b377fb6f3844e53') in 0.137371 seconds 
  Import took 0.154122 seconds .

========================================================================
Received Import Request.
  Time since last request: 157.026552 seconds.
  path: Assets/Assets Gerais/UI/Menu Start/Casa.png
  artifactKey: Guid(b68b058fc31029742a7ba6d6d6c320a9) Importer(815301076,1909f56bfc062723c751e8b465ee728b)
Start importing Assets/Assets Gerais/UI/Menu Start/Casa.png using Guid(b68b058fc31029742a7ba6d6d6c320a9) Importer(815301076,1909f56bfc062723c751e8b465ee728b)  -> (artifact id: '579e811e5dd1b23ed9b46cc99d7f3514') in 0.016946 seconds 
  Import took 0.021342 seconds .

========================================================================
Received Import Request.
  Time since last request: 876.435171 seconds.
  path: Assets/Prefabs
  artifactKey: Guid(bafa1705eca94dc4887ef703f5dc3bc0) Importer(815301076,1909f56bfc062723c751e8b465ee728b)
Start importing Assets/Prefabs using Guid(bafa1705eca94dc4887ef703f5dc3bc0) Importer(815301076,1909f56bfc062723c751e8b465ee728b)  -> (artifact id: '6cc2fc19c997a17174b517391b6e338e') in 0.007278 seconds 
  Import took 0.011167 seconds .

========================================================================
Received Import Request.
  Time since last request: 12.387220 seconds.
  path: Assets/Prefabs/UI
  artifactKey: Guid(276c54c75be35b847bf2962c84cb0a11) Importer(815301076,1909f56bfc062723c751e8b465ee728b)
Start importing Assets/Prefabs/UI using Guid(276c54c75be35b847bf2962c84cb0a11) Importer(815301076,1909f56bfc062723c751e8b465ee728b)  -> (artifact id: '2080753601c9dc73b992d95b46e815f8') in 0.005121 seconds 
  Import took 0.026087 seconds .

========================================================================
Received Import Request.
  Time since last request: 10.440198 seconds.
  path: Assets/Prefabs/UI/Menu Start
  artifactKey: Guid(2b2977ba998ee57479ce69baecf9ba2b) Importer(815301076,1909f56bfc062723c751e8b465ee728b)
Start importing Assets/Prefabs/UI/Menu Start using Guid(2b2977ba998ee57479ce69baecf9ba2b) Importer(815301076,1909f56bfc062723c751e8b465ee728b)  -> (artifact id: 'd88e3dca828c788391e6d1508b3e6af7') in 0.004213 seconds 
  Import took 0.025959 seconds .

========================================================================
Received Import Request.
  Time since last request: 26.690375 seconds.
  path: Assets/Prefabs/UI/Menu Start/CircleBackGround.prefab
  artifactKey: Guid(5c070a13b2401c84d954f9b985d077f5) Importer(815301076,1909f56bfc062723c751e8b465ee728b)
Start importing Assets/Prefabs/UI/Menu Start/CircleBackGround.prefab using Guid(5c070a13b2401c84d954f9b985d077f5) Importer(815301076,1909f56bfc062723c751e8b465ee728b)  -> (artifact id: '40e77a43d8862c5a0c6b28737b1aa3be') in 0.083987 seconds 
  Import took 0.087536 seconds .

========================================================================
Received Import Request.
  Time since last request: 2.213869 seconds.
  path: Assets/Prefabs/UI/Menu Start/BaseTela.prefab
  artifactKey: Guid(8459e48e9f37f5c419d298ad3f46ecb0) Importer(815301076,1909f56bfc062723c751e8b465ee728b)
Start importing Assets/Prefabs/UI/Menu Start/BaseTela.prefab using Guid(8459e48e9f37f5c419d298ad3f46ecb0) Importer(815301076,1909f56bfc062723c751e8b465ee728b)  -> (artifact id: 'fb5f62cfe52ef1d760e48f194e162d16') in 0.013828 seconds 
  Import took 0.017400 seconds .

========================================================================
Received Import Request.
  Time since last request: 20.166975 seconds.
  path: Assets/Prefabs/UI/Menu Start/BaseTela.prefab
  artifactKey: Guid(8459e48e9f37f5c419d298ad3f46ecb0) Importer(815301076,1909f56bfc062723c751e8b465ee728b)
Start importing Assets/Prefabs/UI/Menu Start/BaseTela.prefab using Guid(8459e48e9f37f5c419d298ad3f46ecb0) Importer(815301076,1909f56bfc062723c751e8b465ee728b)  -> (artifact id: '2e55a0aed4fe70c6e77445c1a0a42636') in 0.013184 seconds 
  Import took 0.017044 seconds .

========================================================================
Received Import Request.
  Time since last request: 3.567894 seconds.
  path: Assets/Prefabs/UI/Menu Start/BaseTela.prefab
  artifactKey: Guid(8459e48e9f37f5c419d298ad3f46ecb0) Importer(815301076,1909f56bfc062723c751e8b465ee728b)
Start importing Assets/Prefabs/UI/Menu Start/BaseTela.prefab using Guid(8459e48e9f37f5c419d298ad3f46ecb0) Importer(815301076,1909f56bfc062723c751e8b465ee728b)  -> (artifact id: 'ce8249173debfc9a198c0ec65974fef0') in 0.013669 seconds 
  Import took 0.017390 seconds .

AssetImportWorkerClient::OnTransportError - code=2 error=End of file
